<?xml version="1.0" encoding="UTF-8"?>
<!-- Generated by org.testng.reporters.JUnitReportReporter -->
<testsuite hostname="LAPTOP-B4SIUUUH" failures="0" tests="4" name="com.sgtesting.tests.Users" time="0.006" errors="0" timestamp="2023-04-07T08:05:25 IST" skipped="0">
  <testcase classname="com.sgtesting.tests.Users" name="method3" time="0.000"/>
  <system-out/>
  <testcase classname="com.sgtesting.tests.Users" name="method1" time="0.005"/>
  <system-out/>
  <testcase classname="com.sgtesting.tests.Users" name="method2" time="0.000"/>
  <system-out/>
  <testcase classname="com.sgtesting.tests.Users" name="method4" time="0.001"/>
  <system-out/>
</testsuite> <!-- com.sgtesting.tests.Users -->
